{
  "stats": {
    "suites": 1,
    "tests": 1,
    "passes": 1,
    "pending": 0,
    "failures": 0,
    "start": "2025-11-19T17:37:14.793Z",
    "end": "2025-11-19T17:37:17.737Z",
    "duration": 2944,
    "testsRegistered": 1,
    "passPercent": 100,
    "pendingPercent": 0,
    "other": 0,
    "hasOther": false,
    "skipped": 0,
    "hasSkipped": false
  },
  "results": [
    {
      "uuid": "50254e30-3849-4310-b1bd-419eb6d677ed",
      "title": "",
      "fullFile": "cypress\\e2e\\8_locators_contains.cy.js",
      "file": "cypress\\e2e\\8_locators_contains.cy.js",
      "beforeHooks": [],
      "afterHooks": [],
      "tests": [],
      "suites": [
        {
          "uuid": "dcbb4dcc-6d64-4042-927a-7877e26be6e7",
          "title": "text based locators",
          "fullFile": "",
          "file": "",
          "beforeHooks": [],
          "afterHooks": [],
          "tests": [
            {
              "title": "Using contains to use the element text ",
              "fullTitle": "text based locators Using contains to use the element text ",
              "timedOut": null,
              "duration": 498,
              "state": "passed",
              "speed": "fast",
              "pass": true,
              "fail": false,
              "pending": false,
              "context": null,
              "code": "cy.visit('https://dd-demo-tau.vercel.app/web_elements.html');\n// cy.contains('Button Text’)\ncy.contains('Show Alert');",
              "err": {},
              "uuid": "c2c08b40-a1b0-4084-9598-355eb5a1772d",
              "parentUUID": "dcbb4dcc-6d64-4042-927a-7877e26be6e7",
              "isHook": false,
              "skipped": false
            }
          ],
          "suites": [],
          "passes": [
            "c2c08b40-a1b0-4084-9598-355eb5a1772d"
          ],
          "failures": [],
          "pending": [],
          "skipped": [],
          "duration": 498,
          "root": false,
          "rootEmpty": false,
          "_timeout": 2000
        }
      ],
      "passes": [],
      "failures": [],
      "pending": [],
      "skipped": [],
      "duration": 0,
      "root": true,
      "rootEmpty": true,
      "_timeout": 2000
    }
  ],
  "meta": {
    "mocha": {
      "version": "7.2.0"
    },
    "mochawesome": {
      "options": {
        "quiet": false,
        "reportFilename": "mochawesome",
        "saveHtml": false,
        "saveJson": true,
        "consoleReporter": "spec",
        "useInlineDiffs": false,
        "code": true
      },
      "version": "7.1.4"
    },
    "marge": {
      "options": {
        "reportDir": "cypress/reports/mochawesome",
        "overwrite": false,
        "html": false,
        "json": true
      },
      "version": "6.3.2"
    }
  }
}