{
  "stats": {
    "suites": 1,
    "tests": 1,
    "passes": 0,
    "pending": 0,
    "failures": 1,
    "start": "2025-11-19T17:33:57.667Z",
    "end": "2025-11-19T17:34:05.270Z",
    "duration": 7603,
    "testsRegistered": 1,
    "passPercent": 0,
    "pendingPercent": 0,
    "other": 0,
    "hasOther": false,
    "skipped": 0,
    "hasSkipped": false
  },
  "results": [
    {
      "uuid": "3a44eb6d-5824-4407-8524-cebf8c9d0f9b",
      "title": "",
      "fullFile": "cypress\\e2e\\14_debug_code.cy.js",
      "file": "cypress\\e2e\\14_debug_code.cy.js",
      "beforeHooks": [],
      "afterHooks": [],
      "tests": [],
      "suites": [
        {
          "uuid": "54bbf14b-d4b3-4751-91cd-f9816a87719e",
          "title": "locators demo",
          "fullFile": "",
          "file": "",
          "beforeHooks": [],
          "afterHooks": [],
          "tests": [
            {
              "title": "tc01",
              "fullTitle": "locators demo tc01",
              "timedOut": null,
              "duration": 4679,
              "state": "failed",
              "speed": null,
              "pass": false,
              "fail": true,
              "pending": false,
              "context": null,
              "code": "// page navigation       \ncy.visit('https://dd-demo-tau.vercel.app/web_elements.html#1-text-input');\n// finding element using xpath \n//a[text()='1. Text Input']\n//a[contains(text(),'1. Text Inp')]\ncy.xpath(\"//a[contains(text(),'1 Text Input')]\");",
              "err": {
                "message": "AssertionError: Timed out retrying after 4000ms: Expected to find element: `//a[contains(text(),'1 Text Input')]`, but never found it.",
                "estack": "AssertionError: Timed out retrying after 4000ms: Expected to find element: `//a[contains(text(),'1 Text Input')]`, but never found it.\n    at Context.eval (webpack://cypress-training/./cypress/e2e/14_debug_code.cy.js:19:5)",
                "diff": null
              },
              "uuid": "9fdefc68-2827-4e80-a289-efbec3b1f93e",
              "parentUUID": "54bbf14b-d4b3-4751-91cd-f9816a87719e",
              "isHook": false,
              "skipped": false
            }
          ],
          "suites": [],
          "passes": [],
          "failures": [
            "9fdefc68-2827-4e80-a289-efbec3b1f93e"
          ],
          "pending": [],
          "skipped": [],
          "duration": 4679,
          "root": false,
          "rootEmpty": false,
          "_timeout": 2000
        }
      ],
      "passes": [],
      "failures": [],
      "pending": [],
      "skipped": [],
      "duration": 0,
      "root": true,
      "rootEmpty": true,
      "_timeout": 2000
    }
  ],
  "meta": {
    "mocha": {
      "version": "7.2.0"
    },
    "mochawesome": {
      "options": {
        "quiet": false,
        "reportFilename": "mochawesome",
        "saveHtml": false,
        "saveJson": true,
        "consoleReporter": "spec",
        "useInlineDiffs": false,
        "code": true
      },
      "version": "7.1.4"
    },
    "marge": {
      "options": {
        "reportDir": "cypress/reports/mochawesome",
        "overwrite": false,
        "html": false,
        "json": true
      },
      "version": "6.3.2"
    }
  }
}