{
  "stats": {
    "suites": 1,
    "tests": 1,
    "passes": 0,
    "pending": 0,
    "failures": 1,
    "start": "2025-11-19T17:36:00.923Z",
    "end": "2025-11-19T17:36:08.239Z",
    "duration": 7316,
    "testsRegistered": 1,
    "passPercent": 0,
    "pendingPercent": 0,
    "other": 0,
    "hasOther": false,
    "skipped": 0,
    "hasSkipped": false
  },
  "results": [
    {
      "uuid": "a5935b84-a3d2-47e6-83d4-d84ffcc4770f",
      "title": "",
      "fullFile": "cypress\\e2e\\23_keyboard_actions.cy.js",
      "file": "cypress\\e2e\\23_keyboard_actions.cy.js",
      "beforeHooks": [],
      "afterHooks": [],
      "tests": [],
      "suites": [
        {
          "uuid": "591a95f1-d503-4952-9cce-7b32c1810431",
          "title": "Keyboard Actions",
          "fullFile": "",
          "file": "",
          "beforeHooks": [],
          "afterHooks": [],
          "tests": [
            {
              "title": "Keyboard Actions Use",
              "fullTitle": "Keyboard Actions Keyboard Actions Use",
              "timedOut": null,
              "duration": 4977,
              "state": "failed",
              "speed": null,
              "pass": false,
              "fail": true,
              "pending": false,
              "context": null,
              "code": "// visit register page url\ncy.visit(\"https://dd-demo-tau.vercel.app/register.html\");\n// click on the Login link > Login page url\ncy.contains(\"Login\").click();\n// username\ncy.get('#username').type('DemoUser{enter}');\n// password\ncy.get('#password').type('DemoUser{enter}');\ncy.xpath('abc');",
              "err": {
                "message": "AssertionError: Timed out retrying after 4000ms: Expected to find element: `abc`, but never found it.",
                "estack": "AssertionError: Timed out retrying after 4000ms: Expected to find element: `abc`, but never found it.\n    at Context.eval (webpack://cypress-training/./cypress/e2e/23_keyboard_actions.cy.js:17:7)",
                "diff": null
              },
              "uuid": "500c0f2c-3934-425f-8585-3a579c9660a9",
              "parentUUID": "591a95f1-d503-4952-9cce-7b32c1810431",
              "isHook": false,
              "skipped": false
            }
          ],
          "suites": [],
          "passes": [],
          "failures": [
            "500c0f2c-3934-425f-8585-3a579c9660a9"
          ],
          "pending": [],
          "skipped": [],
          "duration": 4977,
          "root": false,
          "rootEmpty": false,
          "_timeout": 2000
        }
      ],
      "passes": [],
      "failures": [],
      "pending": [],
      "skipped": [],
      "duration": 0,
      "root": true,
      "rootEmpty": true,
      "_timeout": 2000
    }
  ],
  "meta": {
    "mocha": {
      "version": "7.2.0"
    },
    "mochawesome": {
      "options": {
        "quiet": false,
        "reportFilename": "mochawesome",
        "saveHtml": false,
        "saveJson": true,
        "consoleReporter": "spec",
        "useInlineDiffs": false,
        "code": true
      },
      "version": "7.1.4"
    },
    "marge": {
      "options": {
        "reportDir": "cypress/reports/mochawesome",
        "overwrite": false,
        "html": false,
        "json": true
      },
      "version": "6.3.2"
    }
  }
}