{
  "stats": {
    "suites": 1,
    "tests": 1,
    "passes": 1,
    "pending": 0,
    "failures": 0,
    "start": "2025-11-19T17:34:21.288Z",
    "end": "2025-11-19T17:34:24.315Z",
    "duration": 3027,
    "testsRegistered": 1,
    "passPercent": 100,
    "pendingPercent": 0,
    "other": 0,
    "hasOther": false,
    "skipped": 0,
    "hasSkipped": false
  },
  "results": [
    {
      "uuid": "c5a637cd-ab11-4f45-b1e7-a893bb52e1aa",
      "title": "",
      "fullFile": "cypress\\e2e\\17_explicit_2.cy.js",
      "file": "cypress\\e2e\\17_explicit_2.cy.js",
      "beforeHooks": [],
      "afterHooks": [],
      "tests": [],
      "suites": [
        {
          "uuid": "932082db-6600-4c36-bb70-2582b9147ab0",
          "title": "Demo",
          "fullFile": "",
          "file": "",
          "beforeHooks": [],
          "afterHooks": [],
          "tests": [
            {
              "title": "sample",
              "fullTitle": "Demo sample",
              "timedOut": null,
              "duration": 191,
              "state": "passed",
              "speed": "fast",
              "pass": true,
              "fail": false,
              "pending": false,
              "context": null,
              "code": "cy.visit(\"https://dd-demo-tau.vercel.app/register.html\");\ncy.get(\"h2\").then($el => {\n  const actText = $el.text(); // actual data\n  expect(actText).equal(\"Register Form\"); // expected data\n});\ncy.get(\"h2\").then($el => {\n  const actText = $el.text(); // actual data\n  assert.equal(actText, 'Register Form', 'User defined message');\n});",
              "err": {},
              "uuid": "6f95138a-014e-46d1-9449-ddbdcbaa2fd4",
              "parentUUID": "932082db-6600-4c36-bb70-2582b9147ab0",
              "isHook": false,
              "skipped": false
            }
          ],
          "suites": [],
          "passes": [
            "6f95138a-014e-46d1-9449-ddbdcbaa2fd4"
          ],
          "failures": [],
          "pending": [],
          "skipped": [],
          "duration": 191,
          "root": false,
          "rootEmpty": false,
          "_timeout": 2000
        }
      ],
      "passes": [],
      "failures": [],
      "pending": [],
      "skipped": [],
      "duration": 0,
      "root": true,
      "rootEmpty": true,
      "_timeout": 2000
    }
  ],
  "meta": {
    "mocha": {
      "version": "7.2.0"
    },
    "mochawesome": {
      "options": {
        "quiet": false,
        "reportFilename": "mochawesome",
        "saveHtml": false,
        "saveJson": true,
        "consoleReporter": "spec",
        "useInlineDiffs": false,
        "code": true
      },
      "version": "7.1.4"
    },
    "marge": {
      "options": {
        "reportDir": "cypress/reports/mochawesome",
        "overwrite": false,
        "html": false,
        "json": true
      },
      "version": "6.3.2"
    }
  }
}