{
  "stats": {
    "suites": 1,
    "tests": 1,
    "passes": 1,
    "pending": 0,
    "failures": 0,
    "start": "2025-11-19T17:34:34.781Z",
    "end": "2025-11-19T17:34:44.281Z",
    "duration": 9500,
    "testsRegistered": 1,
    "passPercent": 100,
    "pendingPercent": 0,
    "other": 0,
    "hasOther": false,
    "skipped": 0,
    "hasSkipped": false
  },
  "results": [
    {
      "uuid": "1588dfda-e2a4-40a5-93ae-c720bb78bb56",
      "title": "",
      "fullFile": "cypress\\e2e\\19_checkbox.cy.js",
      "file": "cypress\\e2e\\19_checkbox.cy.js",
      "beforeHooks": [],
      "afterHooks": [],
      "tests": [],
      "suites": [
        {
          "uuid": "850c3746-150d-43c4-ac1a-4c5542937983",
          "title": "Checkbox Interactions",
          "fullFile": "",
          "file": "",
          "beforeHooks": [],
          "afterHooks": [],
          "tests": [
            {
              "title": "Verify the checkbox check/uncheck test",
              "fullTitle": "Checkbox Interactions Verify the checkbox check/uncheck test",
              "timedOut": null,
              "duration": 6799,
              "state": "passed",
              "speed": "medium",
              "pass": true,
              "fail": false,
              "pending": false,
              "context": null,
              "code": "// open url\ncy.visit('https://dd-demo-tau.vercel.app/web_elements.html');\n// click on checkbox option\ncy.contains('6. Checkboxes').click();\ncy.wait(3000);\n// check the subscribe checkbox \ncy.get('#subscribeChk').check();\ncy.wait(3000);\n// uncheck it \ncy.get('#subscribeChk').uncheck();",
              "err": {},
              "uuid": "da1ee5ef-98e7-4ad7-8324-0e8127428754",
              "parentUUID": "850c3746-150d-43c4-ac1a-4c5542937983",
              "isHook": false,
              "skipped": false
            }
          ],
          "suites": [],
          "passes": [
            "da1ee5ef-98e7-4ad7-8324-0e8127428754"
          ],
          "failures": [],
          "pending": [],
          "skipped": [],
          "duration": 6799,
          "root": false,
          "rootEmpty": false,
          "_timeout": 2000
        }
      ],
      "passes": [],
      "failures": [],
      "pending": [],
      "skipped": [],
      "duration": 0,
      "root": true,
      "rootEmpty": true,
      "_timeout": 2000
    }
  ],
  "meta": {
    "mocha": {
      "version": "7.2.0"
    },
    "mochawesome": {
      "options": {
        "quiet": false,
        "reportFilename": "mochawesome",
        "saveHtml": false,
        "saveJson": true,
        "consoleReporter": "spec",
        "useInlineDiffs": false,
        "code": true
      },
      "version": "7.1.4"
    },
    "marge": {
      "options": {
        "reportDir": "cypress/reports/mochawesome",
        "overwrite": false,
        "html": false,
        "json": true
      },
      "version": "6.3.2"
    }
  }
}