{
  "stats": {
    "suites": 1,
    "tests": 1,
    "passes": 1,
    "pending": 0,
    "failures": 0,
    "start": "2025-11-19T17:37:03.251Z",
    "end": "2025-11-19T17:37:06.200Z",
    "duration": 2949,
    "testsRegistered": 1,
    "passPercent": 100,
    "pendingPercent": 0,
    "other": 0,
    "hasOther": false,
    "skipped": 0,
    "hasSkipped": false
  },
  "results": [
    {
      "uuid": "7a6d20a0-7975-4ba6-8485-12a54404f3de",
      "title": "",
      "fullFile": "cypress\\e2e\\6_locators_xpath.cy.js",
      "file": "cypress\\e2e\\6_locators_xpath.cy.js",
      "beforeHooks": [],
      "afterHooks": [],
      "tests": [],
      "suites": [
        {
          "uuid": "f6632584-a043-4911-a9b3-00e5345cbbf4",
          "title": "2) Xpath Locators",
          "fullFile": "",
          "file": "",
          "beforeHooks": [],
          "afterHooks": [],
          "tests": [
            {
              "title": "1) Xpath test",
              "fullTitle": "2) Xpath Locators 1) Xpath test",
              "timedOut": null,
              "duration": 491,
              "state": "passed",
              "speed": "fast",
              "pass": true,
              "fail": false,
              "pending": false,
              "context": null,
              "code": "cy.visit('https://dd-demo-tau.vercel.app/web_elements.html');\n//  cy.xpath('//div[@id=\"id-name\"]')\ncy.xpath('//input[@id=\"textInputField\"]');\n// cy.xpath('//input[@id=\"textInputField\"]').find('label')\n// Links a tags => LinkText/Partial LinkText href \n// ClassName \n// TagName\n// ID's\n// Name\n// CSS selectors \n// XPath - absolute and relative",
              "err": {},
              "uuid": "5c2b0a17-0e85-4b4d-b8b6-90a2db4d6c0c",
              "parentUUID": "f6632584-a043-4911-a9b3-00e5345cbbf4",
              "isHook": false,
              "skipped": false
            }
          ],
          "suites": [],
          "passes": [
            "5c2b0a17-0e85-4b4d-b8b6-90a2db4d6c0c"
          ],
          "failures": [],
          "pending": [],
          "skipped": [],
          "duration": 491,
          "root": false,
          "rootEmpty": false,
          "_timeout": 2000
        }
      ],
      "passes": [],
      "failures": [],
      "pending": [],
      "skipped": [],
      "duration": 0,
      "root": true,
      "rootEmpty": true,
      "_timeout": 2000
    }
  ],
  "meta": {
    "mocha": {
      "version": "7.2.0"
    },
    "mochawesome": {
      "options": {
        "quiet": false,
        "reportFilename": "mochawesome",
        "saveHtml": false,
        "saveJson": true,
        "consoleReporter": "spec",
        "useInlineDiffs": false,
        "code": true
      },
      "version": "7.1.4"
    },
    "marge": {
      "options": {
        "reportDir": "cypress/reports/mochawesome",
        "overwrite": false,
        "html": false,
        "json": true
      },
      "version": "6.3.2"
    }
  }
}