{
  "stats": {
    "suites": 1,
    "tests": 1,
    "passes": 1,
    "pending": 0,
    "failures": 0,
    "start": "2025-11-19T17:33:24.554Z",
    "end": "2025-11-19T17:33:27.625Z",
    "duration": 3071,
    "testsRegistered": 1,
    "passPercent": 100,
    "pendingPercent": 0,
    "other": 0,
    "hasOther": false,
    "skipped": 0,
    "hasSkipped": false
  },
  "results": [
    {
      "uuid": "316ce88b-a630-4894-9605-23c97c630b4b",
      "title": "",
      "fullFile": "cypress\\e2e\\10_chaining.cy.js",
      "file": "cypress\\e2e\\10_chaining.cy.js",
      "beforeHooks": [],
      "afterHooks": [],
      "tests": [],
      "suites": [
        {
          "uuid": "57660065-52f5-4978-89fc-e966aa6c392f",
          "title": "Chaining ",
          "fullFile": "",
          "file": "",
          "beforeHooks": [],
          "afterHooks": [],
          "tests": [
            {
              "title": "Using chaining locators ",
              "fullTitle": "Chaining  Using chaining locators ",
              "timedOut": null,
              "duration": 549,
              "state": "passed",
              "speed": "fast",
              "pass": true,
              "fail": false,
              "pending": false,
              "context": null,
              "code": "cy.visit('https://dd-demo-tau.vercel.app/web_elements.html');\n// Parent=> child element \ncy.get('#1-text-input').find('input');",
              "err": {},
              "uuid": "7b2f0c9b-4774-4422-b373-35e7d9594dd3",
              "parentUUID": "57660065-52f5-4978-89fc-e966aa6c392f",
              "isHook": false,
              "skipped": false
            }
          ],
          "suites": [],
          "passes": [
            "7b2f0c9b-4774-4422-b373-35e7d9594dd3"
          ],
          "failures": [],
          "pending": [],
          "skipped": [],
          "duration": 549,
          "root": false,
          "rootEmpty": false,
          "_timeout": 2000
        }
      ],
      "passes": [],
      "failures": [],
      "pending": [],
      "skipped": [],
      "duration": 0,
      "root": true,
      "rootEmpty": true,
      "_timeout": 2000
    }
  ],
  "meta": {
    "mocha": {
      "version": "7.2.0"
    },
    "mochawesome": {
      "options": {
        "quiet": false,
        "reportFilename": "mochawesome",
        "saveHtml": false,
        "saveJson": true,
        "consoleReporter": "spec",
        "useInlineDiffs": false,
        "code": true
      },
      "version": "7.1.4"
    },
    "marge": {
      "options": {
        "reportDir": "cypress/reports/mochawesome",
        "overwrite": false,
        "html": false,
        "json": true
      },
      "version": "6.3.2"
    }
  }
}