{
  "stats": {
    "suites": 1,
    "tests": 2,
    "passes": 2,
    "pending": 0,
    "failures": 0,
    "start": "2025-11-19T17:36:41.787Z",
    "end": "2025-11-19T17:36:45.612Z",
    "duration": 3825,
    "testsRegistered": 2,
    "passPercent": 100,
    "pendingPercent": 0,
    "other": 0,
    "hasOther": false,
    "skipped": 0,
    "hasSkipped": false
  },
  "results": [
    {
      "uuid": "48e9e333-53f3-4ea4-8e8c-ff9d92f07b2e",
      "title": "",
      "fullFile": "cypress\\e2e\\3_register.cy.js",
      "file": "cypress\\e2e\\3_register.cy.js",
      "beforeHooks": [],
      "afterHooks": [],
      "tests": [],
      "suites": [
        {
          "uuid": "3f8b0f81-dc09-4a67-ab0d-098162a5da8e",
          "title": "Register Test Suite",
          "fullFile": "",
          "file": "",
          "beforeHooks": [],
          "afterHooks": [],
          "tests": [
            {
              "title": "Open register page",
              "fullTitle": "Register Test Suite Open register page",
              "timedOut": null,
              "duration": 133,
              "state": "passed",
              "speed": "fast",
              "pass": true,
              "fail": false,
              "pending": false,
              "context": null,
              "code": "cy.visit(\"https://dd-demo-tau.vercel.app/register.html\");",
              "err": {},
              "uuid": "a2d327a5-7f63-4832-9020-bd38651f19e2",
              "parentUUID": "3f8b0f81-dc09-4a67-ab0d-098162a5da8e",
              "isHook": false,
              "skipped": false
            },
            {
              "title": "Verify the User registration with valid details",
              "fullTitle": "Register Test Suite Verify the User registration with valid details",
              "timedOut": null,
              "duration": 1102,
              "state": "passed",
              "speed": "fast",
              "pass": true,
              "fail": false,
              "pending": false,
              "context": null,
              "code": "// step 1 - User navigates to the register page   \ncy.visit(\"https://dd-demo-tau.vercel.app/register.html\");\n// step 2 - Validate the register page title\ncy.title().should('includes', 'Register Demo');\n// step 3 - Enter Username \n// cy.get() - is used to find the web element similar to driver.findElement()\n// using the css selector \n// type() - similar sendKeys() - used for typing the data\ncy.xpath(\"//input[@id='userName']\").type('Demo User');\n// step 4 - Enter Email \ncy.get('#userEmail').type('demo@gmail.com');\n// step 5 - Enter Password \ncy.get('#password').type('Test@1234');\n// step 6 - Click on the Register button \ncy.contains('Register').click();",
              "err": {},
              "uuid": "8068e181-9946-4915-8fd8-61aea797637b",
              "parentUUID": "3f8b0f81-dc09-4a67-ab0d-098162a5da8e",
              "isHook": false,
              "skipped": false
            }
          ],
          "suites": [],
          "passes": [
            "a2d327a5-7f63-4832-9020-bd38651f19e2",
            "8068e181-9946-4915-8fd8-61aea797637b"
          ],
          "failures": [],
          "pending": [],
          "skipped": [],
          "duration": 1235,
          "root": false,
          "rootEmpty": false,
          "_timeout": 2000
        }
      ],
      "passes": [],
      "failures": [],
      "pending": [],
      "skipped": [],
      "duration": 0,
      "root": true,
      "rootEmpty": true,
      "_timeout": 2000
    }
  ],
  "meta": {
    "mocha": {
      "version": "7.2.0"
    },
    "mochawesome": {
      "options": {
        "quiet": false,
        "reportFilename": "mochawesome",
        "saveHtml": false,
        "saveJson": true,
        "consoleReporter": "spec",
        "useInlineDiffs": false,
        "code": true
      },
      "version": "7.1.4"
    },
    "marge": {
      "options": {
        "reportDir": "cypress/reports/mochawesome",
        "overwrite": false,
        "html": false,
        "json": true
      },
      "version": "6.3.2"
    }
  }
}