{
  "stats": {
    "suites": 1,
    "tests": 1,
    "passes": 1,
    "pending": 0,
    "failures": 0,
    "start": "2025-11-19T17:34:58.295Z",
    "end": "2025-11-19T17:35:10.630Z",
    "duration": 12335,
    "testsRegistered": 1,
    "passPercent": 100,
    "pendingPercent": 0,
    "other": 0,
    "hasOther": false,
    "skipped": 0,
    "hasSkipped": false
  },
  "results": [
    {
      "uuid": "802c990a-52df-4e17-a97f-a6d366702c9d",
      "title": "",
      "fullFile": "cypress\\e2e\\20_radio_buttons.cy.js",
      "file": "cypress\\e2e\\20_radio_buttons.cy.js",
      "beforeHooks": [],
      "afterHooks": [],
      "tests": [],
      "suites": [
        {
          "uuid": "8d0ceedd-0bd3-47f1-a5e8-c81bb3c7aa56",
          "title": "Radio Button Interactions",
          "fullFile": "",
          "file": "",
          "beforeHooks": [],
          "afterHooks": [],
          "tests": [
            {
              "title": "Verify the radio button check test",
              "fullTitle": "Radio Button Interactions Verify the radio button check test",
              "timedOut": null,
              "duration": 9854,
              "state": "passed",
              "speed": "medium",
              "pass": true,
              "fail": false,
              "pending": false,
              "context": null,
              "code": "// open url\ncy.visit('https://dd-demo-tau.vercel.app/web_elements.html');\n// click on radio button option\ncy.contains('5. Radio Buttons').click();\ncy.wait(3000);\n// check the subscribe checkbox \ncy.get('#maleRadio').check();\ncy.wait(3000);\ncy.get('#femaleRadio').check();\ncy.wait(3000);",
              "err": {},
              "uuid": "ed9dc442-93f9-4537-ba0c-09e562a9c73e",
              "parentUUID": "8d0ceedd-0bd3-47f1-a5e8-c81bb3c7aa56",
              "isHook": false,
              "skipped": false
            }
          ],
          "suites": [],
          "passes": [
            "ed9dc442-93f9-4537-ba0c-09e562a9c73e"
          ],
          "failures": [],
          "pending": [],
          "skipped": [],
          "duration": 9854,
          "root": false,
          "rootEmpty": false,
          "_timeout": 2000
        }
      ],
      "passes": [],
      "failures": [],
      "pending": [],
      "skipped": [],
      "duration": 0,
      "root": true,
      "rootEmpty": true,
      "_timeout": 2000
    }
  ],
  "meta": {
    "mocha": {
      "version": "7.2.0"
    },
    "mochawesome": {
      "options": {
        "quiet": false,
        "reportFilename": "mochawesome",
        "saveHtml": false,
        "saveJson": true,
        "consoleReporter": "spec",
        "useInlineDiffs": false,
        "code": true
      },
      "version": "7.1.4"
    },
    "marge": {
      "options": {
        "reportDir": "cypress/reports/mochawesome",
        "overwrite": false,
        "html": false,
        "json": true
      },
      "version": "6.3.2"
    }
  }
}