{
  "stats": {
    "suites": 1,
    "tests": 1,
    "passes": 1,
    "pending": 0,
    "failures": 0,
    "start": "2025-11-19T17:33:38.812Z",
    "end": "2025-11-19T17:33:42.407Z",
    "duration": 3595,
    "testsRegistered": 1,
    "passPercent": 100,
    "pendingPercent": 0,
    "other": 0,
    "hasOther": false,
    "skipped": 0,
    "hasSkipped": false
  },
  "results": [
    {
      "uuid": "42a856b4-7af8-486b-bbdb-9ae34e52245c",
      "title": "",
      "fullFile": "cypress\\e2e\\12_useOfLocators.cy.js",
      "file": "cypress\\e2e\\12_useOfLocators.cy.js",
      "beforeHooks": [],
      "afterHooks": [],
      "tests": [],
      "suites": [
        {
          "uuid": "b37e89d8-8bae-4daa-b57d-7735dd6896fb",
          "title": "Locators Demo",
          "fullFile": "",
          "file": "",
          "beforeHooks": [],
          "afterHooks": [],
          "tests": [
            {
              "title": "TC01",
              "fullTitle": "Locators Demo TC01",
              "timedOut": null,
              "duration": 632,
              "state": "passed",
              "speed": "fast",
              "pass": true,
              "fail": false,
              "pending": false,
              "context": null,
              "code": "cy.visit('https://dd-demo-tau.vercel.app/web_elements.html');\ncy.xpath(\"//a[contains(text(),'25. Sortable Table')]\").click();",
              "err": {},
              "uuid": "778e4fc6-e44e-4128-b0e1-fbd1d695b472",
              "parentUUID": "b37e89d8-8bae-4daa-b57d-7735dd6896fb",
              "isHook": false,
              "skipped": false
            }
          ],
          "suites": [],
          "passes": [
            "778e4fc6-e44e-4128-b0e1-fbd1d695b472"
          ],
          "failures": [],
          "pending": [],
          "skipped": [],
          "duration": 632,
          "root": false,
          "rootEmpty": false,
          "_timeout": 2000
        }
      ],
      "passes": [],
      "failures": [],
      "pending": [],
      "skipped": [],
      "duration": 0,
      "root": true,
      "rootEmpty": true,
      "_timeout": 2000
    }
  ],
  "meta": {
    "mocha": {
      "version": "7.2.0"
    },
    "mochawesome": {
      "options": {
        "quiet": false,
        "reportFilename": "mochawesome",
        "saveHtml": false,
        "saveJson": true,
        "consoleReporter": "spec",
        "useInlineDiffs": false,
        "code": true
      },
      "version": "7.1.4"
    },
    "marge": {
      "options": {
        "reportDir": "cypress/reports/mochawesome",
        "overwrite": false,
        "html": false,
        "json": true
      },
      "version": "6.3.2"
    }
  }
}