{
  "stats": {
    "suites": 1,
    "tests": 1,
    "passes": 1,
    "pending": 0,
    "failures": 0,
    "start": "2025-11-19T17:36:56.260Z",
    "end": "2025-11-19T17:36:59.595Z",
    "duration": 3335,
    "testsRegistered": 1,
    "passPercent": 100,
    "pendingPercent": 0,
    "other": 0,
    "hasOther": false,
    "skipped": 0,
    "hasSkipped": false
  },
  "results": [
    {
      "uuid": "538a70a0-6c3a-47c2-bf29-a0c3b01fe3d8",
      "title": "",
      "fullFile": "cypress\\e2e\\5_locators_css_selectors.cy.js",
      "file": "cypress\\e2e\\5_locators_css_selectors.cy.js",
      "beforeHooks": [],
      "afterHooks": [],
      "tests": [],
      "suites": [
        {
          "uuid": "6e6d1113-25d5-4349-9485-d5f9e70de914",
          "title": "Demo for Locators : ",
          "fullFile": "",
          "file": "",
          "beforeHooks": [],
          "afterHooks": [],
          "tests": [
            {
              "title": "1) Using css selectors ",
              "fullTitle": "Demo for Locators :  1) Using css selectors ",
              "timedOut": null,
              "duration": 513,
              "state": "passed",
              "speed": "fast",
              "pass": true,
              "fail": false,
              "pending": false,
              "context": null,
              "code": "// cy.get('.class-name')\n// visit the demo site \ncy.visit('https://dd-demo-tau.vercel.app/web_elements.html');\n// find the text element on the webpage \ncy.get('.theory');\n// find web-element with css - id \ncy.get('#textInputField');\n// find the web-element with tagname \ncy.get('section>h2');",
              "err": {},
              "uuid": "ab994751-dc45-46c8-857c-915f7a653db1",
              "parentUUID": "6e6d1113-25d5-4349-9485-d5f9e70de914",
              "isHook": false,
              "skipped": false
            }
          ],
          "suites": [],
          "passes": [
            "ab994751-dc45-46c8-857c-915f7a653db1"
          ],
          "failures": [],
          "pending": [],
          "skipped": [],
          "duration": 513,
          "root": false,
          "rootEmpty": false,
          "_timeout": 2000
        }
      ],
      "passes": [],
      "failures": [],
      "pending": [],
      "skipped": [],
      "duration": 0,
      "root": true,
      "rootEmpty": true,
      "_timeout": 2000
    }
  ],
  "meta": {
    "mocha": {
      "version": "7.2.0"
    },
    "mochawesome": {
      "options": {
        "quiet": false,
        "reportFilename": "mochawesome",
        "saveHtml": false,
        "saveJson": true,
        "consoleReporter": "spec",
        "useInlineDiffs": false,
        "code": true
      },
      "version": "7.1.4"
    },
    "marge": {
      "options": {
        "reportDir": "cypress/reports/mochawesome",
        "overwrite": false,
        "html": false,
        "json": true
      },
      "version": "6.3.2"
    }
  }
}