{
  "stats": {
    "suites": 1,
    "tests": 2,
    "passes": 2,
    "pending": 0,
    "failures": 0,
    "start": "2025-11-19T17:34:28.296Z",
    "end": "2025-11-19T17:34:31.208Z",
    "duration": 2912,
    "testsRegistered": 2,
    "passPercent": 100,
    "pendingPercent": 0,
    "other": 0,
    "hasOther": false,
    "skipped": 0,
    "hasSkipped": false
  },
  "results": [
    {
      "uuid": "ea281053-140a-4090-a8e3-177606d7b92c",
      "title": "",
      "fullFile": "cypress\\e2e\\18_hooks.cy.js",
      "file": "cypress\\e2e\\18_hooks.cy.js",
      "beforeHooks": [],
      "afterHooks": [],
      "tests": [],
      "suites": [
        {
          "uuid": "c92e839e-f7d1-4d05-b17e-cc87a003d926",
          "title": "Hooks Demo",
          "fullFile": "",
          "file": "",
          "beforeHooks": [],
          "afterHooks": [],
          "tests": [
            {
              "title": "Demo URL Visit1",
              "fullTitle": "Hooks Demo Demo URL Visit1",
              "timedOut": null,
              "duration": 203,
              "state": "passed",
              "speed": "fast",
              "pass": true,
              "fail": false,
              "pending": false,
              "context": null,
              "code": "cy.visit(\"https://dd-demo-tau.vercel.app/register.html\");",
              "err": {},
              "uuid": "84109945-80cd-490e-8cc8-c863b3dc34bb",
              "parentUUID": "c92e839e-f7d1-4d05-b17e-cc87a003d926",
              "isHook": false,
              "skipped": false
            },
            {
              "title": "Demo URL Visit2",
              "fullTitle": "Hooks Demo Demo URL Visit2",
              "timedOut": null,
              "duration": 136,
              "state": "passed",
              "speed": "fast",
              "pass": true,
              "fail": false,
              "pending": false,
              "context": null,
              "code": "cy.visit(\"https://dd-demo-tau.vercel.app/register.html\");",
              "err": {},
              "uuid": "fda385c8-c9da-4be3-960f-55d1bd7896c3",
              "parentUUID": "c92e839e-f7d1-4d05-b17e-cc87a003d926",
              "isHook": false,
              "skipped": false
            }
          ],
          "suites": [],
          "passes": [
            "84109945-80cd-490e-8cc8-c863b3dc34bb",
            "fda385c8-c9da-4be3-960f-55d1bd7896c3"
          ],
          "failures": [],
          "pending": [],
          "skipped": [],
          "duration": 339,
          "root": false,
          "rootEmpty": false,
          "_timeout": 2000
        }
      ],
      "passes": [],
      "failures": [],
      "pending": [],
      "skipped": [],
      "duration": 0,
      "root": true,
      "rootEmpty": true,
      "_timeout": 2000
    }
  ],
  "meta": {
    "mocha": {
      "version": "7.2.0"
    },
    "mochawesome": {
      "options": {
        "quiet": false,
        "reportFilename": "mochawesome",
        "saveHtml": false,
        "saveJson": true,
        "consoleReporter": "spec",
        "useInlineDiffs": false,
        "code": true
      },
      "version": "7.1.4"
    },
    "marge": {
      "options": {
        "reportDir": "cypress/reports/mochawesome",
        "overwrite": false,
        "html": false,
        "json": true
      },
      "version": "6.3.2"
    }
  }
}