{
  "stats": {
    "suites": 1,
    "tests": 1,
    "passes": 1,
    "pending": 0,
    "failures": 0,
    "start": "2025-11-19T17:35:34.041Z",
    "end": "2025-11-19T17:35:57.005Z",
    "duration": 22964,
    "testsRegistered": 1,
    "passPercent": 100,
    "pendingPercent": 0,
    "other": 0,
    "hasOther": false,
    "skipped": 0,
    "hasSkipped": false
  },
  "results": [
    {
      "uuid": "cf2bc9bd-e4c8-4b0b-8b28-b61d69eb4830",
      "title": "",
      "fullFile": "cypress\\e2e\\22_page_navigations.cy.js",
      "file": "cypress\\e2e\\22_page_navigations.cy.js",
      "beforeHooks": [],
      "afterHooks": [],
      "tests": [],
      "suites": [
        {
          "uuid": "c0f33d15-b537-48a3-9286-89050e8ffb02",
          "title": "Page Navigation",
          "fullFile": "",
          "file": "",
          "beforeHooks": [],
          "afterHooks": [],
          "tests": [
            {
              "title": "Navigation Commands",
              "fullTitle": "Page Navigation Navigation Commands",
              "timedOut": null,
              "duration": 20412,
              "state": "passed",
              "speed": "slow",
              "pass": true,
              "fail": false,
              "pending": false,
              "context": null,
              "code": "// visit register page url\ncy.visit(\"https://dd-demo-tau.vercel.app/register.html\");\n// click on the Login link > Login page url\ncy.contains(\"Login\").click();\ncy.wait(5000);\n// navigate back to the register page\ncy.go(\"back\");\ncy.wait(5000);\n// navigate forward to the login page again\ncy.go(\"forward\");\ncy.wait(5000);\n// page refresh\ncy.reload();\ncy.wait(5000);",
              "err": {},
              "uuid": "ff8fe367-58b6-4a97-b068-d6a25aa84b92",
              "parentUUID": "c0f33d15-b537-48a3-9286-89050e8ffb02",
              "isHook": false,
              "skipped": false
            }
          ],
          "suites": [],
          "passes": [
            "ff8fe367-58b6-4a97-b068-d6a25aa84b92"
          ],
          "failures": [],
          "pending": [],
          "skipped": [],
          "duration": 20412,
          "root": false,
          "rootEmpty": false,
          "_timeout": 2000
        }
      ],
      "passes": [],
      "failures": [],
      "pending": [],
      "skipped": [],
      "duration": 0,
      "root": true,
      "rootEmpty": true,
      "_timeout": 2000
    }
  ],
  "meta": {
    "mocha": {
      "version": "7.2.0"
    },
    "mochawesome": {
      "options": {
        "quiet": false,
        "reportFilename": "mochawesome",
        "saveHtml": false,
        "saveJson": true,
        "consoleReporter": "spec",
        "useInlineDiffs": false,
        "code": true
      },
      "version": "7.1.4"
    },
    "marge": {
      "options": {
        "reportDir": "cypress/reports/mochawesome",
        "overwrite": false,
        "html": false,
        "json": true
      },
      "version": "6.3.2"
    }
  }
}