{
  "stats": {
    "suites": 1,
    "tests": 1,
    "passes": 0,
    "pending": 0,
    "failures": 1,
    "start": "2025-11-19T17:37:10.217Z",
    "end": "2025-11-19T17:37:10.887Z",
    "duration": 670,
    "testsRegistered": 1,
    "passPercent": 0,
    "pendingPercent": 0,
    "other": 0,
    "hasOther": false,
    "skipped": 0,
    "hasSkipped": false
  },
  "results": [
    {
      "uuid": "0d16aed6-00fa-4553-b863-72a870d71cd9",
      "title": "",
      "fullFile": "cypress\\e2e\\7_locators_data.cy.js",
      "file": "cypress\\e2e\\7_locators_data.cy.js",
      "beforeHooks": [],
      "afterHooks": [],
      "tests": [],
      "suites": [
        {
          "uuid": "9623faf6-963f-46f4-835c-87f2eb7304a2",
          "title": "3) data-cy locator strategy ",
          "fullFile": "",
          "file": "",
          "beforeHooks": [],
          "afterHooks": [],
          "tests": [
            {
              "title": "using data-cy attribute ",
              "fullTitle": "3) data-cy locator strategy  using data-cy attribute ",
              "timedOut": null,
              "duration": 589,
              "state": "failed",
              "speed": null,
              "pass": false,
              "fail": true,
              "pending": false,
              "context": null,
              "code": "cy.visit('');\n// recommended but depends on Developers \ncy.get('[data-cy=\"unique_identifier\"]');",
              "err": {
                "message": "CypressError: `cy.visit()` failed trying to load:\n\nWe failed looking for this file at the path:\n\n/Users/hp/Documents/StarAgile/7_Cypress_Module/SA2506029/Project2/cypress-training/\n\nThe internal Cypress web server responded with:\n\n  > 404: Not Found",
                "estack": "CypressError: `cy.visit()` failed trying to load:\n\nWe failed looking for this file at the path:\n\n/Users/hp/Documents/StarAgile/7_Cypress_Module/SA2506029/Project2/cypress-training/\n\nThe internal Cypress web server responded with:\n\n  > 404: Not Found\n    at <unknown> (http://localhost:64422/__cypress/runner/cypress_runner.js:134495:76)\n    at visitFailedByErr (http://localhost:64422/__cypress/runner/cypress_runner.js:134085:12)\n    at <unknown> (http://localhost:64422/__cypress/runner/cypress_runner.js:134478:13)\n    at tryCatcher (http://localhost:64422/__cypress/runner/cypress_runner.js:1777:23)\n    at Promise._settlePromiseFromHandler (http://localhost:64422/__cypress/runner/cypress_runner.js:1489:31)\n    at Promise._settlePromise (http://localhost:64422/__cypress/runner/cypress_runner.js:1546:18)\n    at Promise._settlePromise0 (http://localhost:64422/__cypress/runner/cypress_runner.js:1591:10)\n    at Promise._settlePromises (http://localhost:64422/__cypress/runner/cypress_runner.js:1667:18)\n    at _drainQueueStep (http://localhost:64422/__cypress/runner/cypress_runner.js:2377:12)\n    at _drainQueue (http://localhost:64422/__cypress/runner/cypress_runner.js:2370:9)\n    at Async._drainQueues (http://localhost:64422/__cypress/runner/cypress_runner.js:2386:5)\n    at Async.drainQueues (http://localhost:64422/__cypress/runner/cypress_runner.js:2256:14)\nFrom Your Spec Code:\n    at Context.eval (webpack://cypress-training/./cypress/e2e/7_locators_data.cy.js:10:11)",
                "diff": null
              },
              "uuid": "54107634-28dd-4eb6-a6d7-2bd0caf807bc",
              "parentUUID": "9623faf6-963f-46f4-835c-87f2eb7304a2",
              "isHook": false,
              "skipped": false
            }
          ],
          "suites": [],
          "passes": [],
          "failures": [
            "54107634-28dd-4eb6-a6d7-2bd0caf807bc"
          ],
          "pending": [],
          "skipped": [],
          "duration": 589,
          "root": false,
          "rootEmpty": false,
          "_timeout": 2000
        }
      ],
      "passes": [],
      "failures": [],
      "pending": [],
      "skipped": [],
      "duration": 0,
      "root": true,
      "rootEmpty": true,
      "_timeout": 2000
    }
  ],
  "meta": {
    "mocha": {
      "version": "7.2.0"
    },
    "mochawesome": {
      "options": {
        "quiet": false,
        "reportFilename": "mochawesome",
        "saveHtml": false,
        "saveJson": true,
        "consoleReporter": "spec",
        "useInlineDiffs": false,
        "code": true
      },
      "version": "7.1.4"
    },
    "marge": {
      "options": {
        "reportDir": "cypress/reports/mochawesome",
        "overwrite": false,
        "html": false,
        "json": true
      },
      "version": "6.3.2"
    }
  }
}