{
  "stats": {
    "suites": 1,
    "tests": 1,
    "passes": 1,
    "pending": 0,
    "failures": 0,
    "start": "2025-11-19T17:37:22.291Z",
    "end": "2025-11-19T17:37:25.017Z",
    "duration": 2726,
    "testsRegistered": 1,
    "passPercent": 100,
    "pendingPercent": 0,
    "other": 0,
    "hasOther": false,
    "skipped": 0,
    "hasSkipped": false
  },
  "results": [
    {
      "uuid": "be53fdf9-e6f5-4153-b6e7-2c4c5285d9f6",
      "title": "",
      "fullFile": "cypress\\e2e\\9_locators_tagname.cy.js",
      "file": "cypress\\e2e\\9_locators_tagname.cy.js",
      "beforeHooks": [],
      "afterHooks": [],
      "tests": [],
      "suites": [
        {
          "uuid": "043ed307-db7c-42ca-81e5-37baeda6f4c9",
          "title": "using Tagname",
          "fullFile": "",
          "file": "",
          "beforeHooks": [],
          "afterHooks": [],
          "tests": [
            {
              "title": "Using Tagname of the web",
              "fullTitle": "using Tagname Using Tagname of the web",
              "timedOut": null,
              "duration": 498,
              "state": "passed",
              "speed": "fast",
              "pass": true,
              "fail": false,
              "pending": false,
              "context": null,
              "code": "cy.visit('https://dd-demo-tau.vercel.app/web_elements.html');\n//  cy.get('tagName')\n// cy.get('input')\n// cy.get('a')\ncy.get('button');",
              "err": {},
              "uuid": "439958d7-7380-4f78-af0b-61730e22c6d7",
              "parentUUID": "043ed307-db7c-42ca-81e5-37baeda6f4c9",
              "isHook": false,
              "skipped": false
            }
          ],
          "suites": [],
          "passes": [
            "439958d7-7380-4f78-af0b-61730e22c6d7"
          ],
          "failures": [],
          "pending": [],
          "skipped": [],
          "duration": 498,
          "root": false,
          "rootEmpty": false,
          "_timeout": 2000
        }
      ],
      "passes": [],
      "failures": [],
      "pending": [],
      "skipped": [],
      "duration": 0,
      "root": true,
      "rootEmpty": true,
      "_timeout": 2000
    }
  ],
  "meta": {
    "mocha": {
      "version": "7.2.0"
    },
    "mochawesome": {
      "options": {
        "quiet": false,
        "reportFilename": "mochawesome",
        "saveHtml": false,
        "saveJson": true,
        "consoleReporter": "spec",
        "useInlineDiffs": false,
        "code": true
      },
      "version": "7.1.4"
    },
    "marge": {
      "options": {
        "reportDir": "cypress/reports/mochawesome",
        "overwrite": false,
        "html": false,
        "json": true
      },
      "version": "6.3.2"
    }
  }
}